g:\programming\graphics engine\dx11starter\debug\instanceps.cso
g:\programming\graphics engine\dx11starter\debug\instancevs.cso
g:\programming\graphics engine\dx11starter\debug\pixelshader.cso
g:\programming\graphics engine\dx11starter\debug\skyps.cso
g:\programming\graphics engine\dx11starter\debug\skyvs.cso
g:\programming\graphics engine\dx11starter\debug\vertexshader.cso
g:\programming\graphics engine\dx11starter\debug\vc140.pdb
g:\programming\graphics engine\dx11starter\debug\vc140.idb
g:\programming\graphics engine\dx11starter\debug\camera.obj
g:\programming\graphics engine\dx11starter\debug\consolebuddy.obj
g:\programming\graphics engine\dx11starter\debug\dxcore.obj
g:\programming\graphics engine\dx11starter\debug\game.obj
g:\programming\graphics engine\dx11starter\debug\gameentity.obj
g:\programming\graphics engine\dx11starter\debug\main.obj
g:\programming\graphics engine\dx11starter\debug\material.obj
g:\programming\graphics engine\dx11starter\debug\mesh.obj
g:\programming\graphics engine\dx11starter\debug\renderer.obj
g:\programming\graphics engine\dx11starter\debug\simpleshader.obj
g:\programming\graphics engine\dx11starter\debug\tetris.obj
g:\programming\graphics engine\dx11starter\debug\tetrisblock.obj
g:\programming\graphics engine\dx11starter\debug\dx11starter.pdb
g:\programming\graphics engine\dx11starter\debug\dx11starter.tlog\dx11starter.write.1u.tlog
g:\programming\graphics engine\dx11starter\debug\dx11starter.tlog\fxc.read.1.tlog
g:\programming\graphics engine\dx11starter\debug\dx11starter.tlog\fxc.write.1.tlog
g:\programming\graphics engine\dx11starter\debug\dx11starter.tlog\fxc.command.1.tlog
g:\programming\graphics engine\dx11starter\debug\dx11starter.tlog\cl.read.1.tlog
g:\programming\graphics engine\dx11starter\debug\dx11starter.tlog\cl.write.1.tlog
g:\programming\graphics engine\dx11starter\debug\dx11starter.tlog\cl.command.1.tlog
g:\programming\graphics engine\dx11starter\debug\dx11starter.tlog\link-rc.read.1.tlog
g:\programming\graphics engine\dx11starter\debug\dx11starter.tlog\link-rc.write.1.tlog
g:\programming\graphics engine\dx11starter\debug\dx11starter.tlog\link-cvtres.read.1.tlog
g:\programming\graphics engine\dx11starter\debug\dx11starter.tlog\link-cvtres.write.1.tlog
g:\programming\graphics engine\dx11starter\debug\dx11starter.tlog\link.read.1.tlog
g:\programming\graphics engine\dx11starter\debug\dx11starter.tlog\link.write.1.tlog
g:\programming\graphics engine\dx11starter\debug\dx11starter.tlog\link.command.1.tlog
